<?xml version="1.0" encoding="UTF-8"?>
<!-- Generated by org.testng.reporters.JUnitXMLReporter -->
<testsuite ignored="1" hostname="LTIN531917" failures="2" tests="6" name="Test1" time="14.644" errors="0" timestamp="2025-07-14T17:38:35 IST">
  <testcase classname="test.CarLoanTest" name="carLoanDataPassing" time="1.469"/>
  <testcase classname="test.CarLoanTest" name="carLoanTest" time="0.417"/>
  <testcase classname="test.CarLoanTest" name="carLoanDataPassing" time="0.0">
    <failure type="java.lang.NullPointerException" message="Cannot invoke &amp;quot;org.openqa.selenium.WebDriver.findElement(org.openqa.selenium.By)&amp;quot; because &amp;quot;driver&amp;quot; is null">
      <![CDATA[java.lang.NullPointerException: Cannot invoke "org.openqa.selenium.WebDriver.findElement(org.openqa.selenium.By)" because "driver" is null
at org.openqa.selenium.support.ui.ExpectedConditions$7.apply(ExpectedConditions.java:194)
at org.openqa.selenium.support.ui.ExpectedConditions$7.apply(ExpectedConditions.java:190)
at org.openqa.selenium.support.ui.ExpectedConditions$22.apply(ExpectedConditions.java:627)
at org.openqa.selenium.support.ui.ExpectedConditions$22.apply(ExpectedConditions.java:624)
at org.openqa.selenium.support.ui.FluentWait.until(FluentWait.java:203)
at pageObjects.CarLoanTab.clickCarLoanTab(CarLoanTab.java:44)
at test.CarLoanTest.carLoanDataPassing(CarLoanTest.java:46)
at java.base/java.util.ArrayList.forEach(ArrayList.java:1596)
... Removed 25 stack frames]]>
    </failure>
  </testcase> <!-- carLoanDataPassing -->
  <testcase classname="test.HomeLoanTest" name="homeLoanTest" time="0.033">
    <failure type="java.lang.NullPointerException" message="Cannot invoke &amp;quot;org.openqa.selenium.SearchContext.findElement(org.openqa.selenium.By)&amp;quot; because &amp;quot;this.searchContext&amp;quot; is null">
      <![CDATA[java.lang.NullPointerException: Cannot invoke "org.openqa.selenium.SearchContext.findElement(org.openqa.selenium.By)" because "this.searchContext" is null
at org.openqa.selenium.support.pagefactory.DefaultElementLocator.findElement(DefaultElementLocator.java:68)
at org.openqa.selenium.support.pagefactory.internal.LocatingElementHandler.invoke(LocatingElementHandler.java:38)
at jdk.proxy2/jdk.proxy2.$Proxy13.click(Unknown Source)
at pageObjects.HomeLoanTab.clickLoanCalciTab(HomeLoanTab.java:52)
at test.HomeLoanTest.homeLoanTest(HomeLoanTest.java:39)
at java.base/java.util.ArrayList.forEach(ArrayList.java:1596)
... Removed 25 stack frames]]>
    </failure>
  </testcase> <!-- homeLoanTest -->
  <testcase classname="test.CarLoanTest" name="carLoanTest" time="0.0">
    <skipped/>
  </testcase> <!-- carLoanTest -->
  <testcase classname="test.HomeLoanTest" name="homeLoanData1" time="0.0">
    <skipped/>
  </testcase> <!-- homeLoanData1 -->
  <testcase classname="test.CarLoanTest" name="@AfterTest closeBrowser" time="0.0">
    <ignored/>
  </testcase> <!-- @AfterTest closeBrowser -->
</testsuite> <!-- Test1 -->
